C:\USERS\BENI\SOURCE\REPOS\SHELFDEBEST\DEBUG\SHELFDEBEST.EXE
C:\USERS\BENI\SOURCE\REPOS\SHELFDEBEST\DEBUG\SHELFDEBEST.ILK
C:\USERS\BENI\SOURCE\REPOS\SHELFDEBEST\DEBUG\SHELFDEBEST.PDB
C:\USERS\BENI\SOURCE\REPOS\SHELFDEBEST\SHELFDEBEST\DEBUG\SHELF.OBJ
C:\USERS\BENI\SOURCE\REPOS\SHELFDEBEST\SHELFDEBEST\DEBUG\SHELFDEBEST.EXE.EMBED.MANIFEST
C:\USERS\BENI\SOURCE\REPOS\SHELFDEBEST\SHELFDEBEST\DEBUG\SHELFDEBEST.EXE.EMBED.MANIFEST.RES
C:\USERS\BENI\SOURCE\REPOS\SHELFDEBEST\SHELFDEBEST\DEBUG\SHELFDEBEST.EXE.INTERMEDIATE.MANIFEST
C:\USERS\BENI\SOURCE\REPOS\SHELFDEBEST\SHELFDEBEST\DEBUG\SHELFDEBEST.OBJ
C:\USERS\BENI\SOURCE\REPOS\SHELFDEBEST\SHELFDEBEST\DEBUG\SHELFDEBEST.PCH
C:\USERS\BENI\SOURCE\REPOS\SHELFDEBEST\SHELFDEBEST\DEBUG\SHELFDEBEST.RES
C:\USERS\BENI\SOURCE\REPOS\SHELFDEBEST\SHELFDEBEST\DEBUG\SHELFDEBESTDLG.OBJ
C:\USERS\BENI\SOURCE\REPOS\SHELFDEBEST\SHELFDEBEST\DEBUG\STDAFX.OBJ
C:\USERS\BENI\SOURCE\REPOS\SHELFDEBEST\SHELFDEBEST\DEBUG\VC100.PDB
C:\USERS\BENI\SOURCE\REPOS\SHELFDEBEST22\DEBUG\SHELFDEBEST.EXE
C:\Users\Beni\source\repos\ShelfDeBest22\Debug\ShelfDeBest.exe.intermediate.manifest
C:\USERS\BENI\SOURCE\REPOS\SHELFDEBEST22\DEBUG\SHELFDEBEST.ILK
C:\USERS\BENI\SOURCE\REPOS\SHELFDEBEST22\DEBUG\SHELFDEBEST.PDB
C:\Users\Beni\source\repos\ShelfDeBest22\ShelfDeBest\Debug\cl.command.1.tlog
C:\Users\Beni\source\repos\ShelfDeBest22\ShelfDeBest\Debug\CL.read.1.tlog
C:\Users\Beni\source\repos\ShelfDeBest22\ShelfDeBest\Debug\CL.write.1.tlog
C:\Users\Beni\source\repos\ShelfDeBest22\ShelfDeBest\Debug\link.11824.read.1.tlog
C:\Users\Beni\source\repos\ShelfDeBest22\ShelfDeBest\Debug\link.11824.write.1.tlog
C:\Users\Beni\source\repos\ShelfDeBest22\ShelfDeBest\Debug\link.11824-cvtres.read.1.tlog
C:\Users\Beni\source\repos\ShelfDeBest22\ShelfDeBest\Debug\link.11824-cvtres.write.1.tlog
C:\Users\Beni\source\repos\ShelfDeBest22\ShelfDeBest\Debug\link.13376.read.1.tlog
C:\Users\Beni\source\repos\ShelfDeBest22\ShelfDeBest\Debug\link.13376.write.1.tlog
C:\Users\Beni\source\repos\ShelfDeBest22\ShelfDeBest\Debug\link.13376-cvtres.read.1.tlog
C:\Users\Beni\source\repos\ShelfDeBest22\ShelfDeBest\Debug\link.13376-cvtres.write.1.tlog
C:\Users\Beni\source\repos\ShelfDeBest22\ShelfDeBest\Debug\link.16304.read.1.tlog
C:\Users\Beni\source\repos\ShelfDeBest22\ShelfDeBest\Debug\link.16304.write.1.tlog
C:\Users\Beni\source\repos\ShelfDeBest22\ShelfDeBest\Debug\link.16304-cvtres.read.1.tlog
C:\Users\Beni\source\repos\ShelfDeBest22\ShelfDeBest\Debug\link.16304-cvtres.write.1.tlog
C:\Users\Beni\source\repos\ShelfDeBest22\ShelfDeBest\Debug\link.18340.read.1.tlog
C:\Users\Beni\source\repos\ShelfDeBest22\ShelfDeBest\Debug\link.18340.write.1.tlog
C:\Users\Beni\source\repos\ShelfDeBest22\ShelfDeBest\Debug\link.18340-cvtres.read.1.tlog
C:\Users\Beni\source\repos\ShelfDeBest22\ShelfDeBest\Debug\link.18340-cvtres.write.1.tlog
C:\Users\Beni\source\repos\ShelfDeBest22\ShelfDeBest\Debug\link.18680.read.1.tlog
C:\Users\Beni\source\repos\ShelfDeBest22\ShelfDeBest\Debug\link.18680.write.1.tlog
C:\Users\Beni\source\repos\ShelfDeBest22\ShelfDeBest\Debug\link.18680-cvtres.read.1.tlog
C:\Users\Beni\source\repos\ShelfDeBest22\ShelfDeBest\Debug\link.18680-cvtres.write.1.tlog
C:\Users\Beni\source\repos\ShelfDeBest22\ShelfDeBest\Debug\link.18796.read.1.tlog
C:\Users\Beni\source\repos\ShelfDeBest22\ShelfDeBest\Debug\link.18796.write.1.tlog
C:\Users\Beni\source\repos\ShelfDeBest22\ShelfDeBest\Debug\link.18796-cvtres.read.1.tlog
C:\Users\Beni\source\repos\ShelfDeBest22\ShelfDeBest\Debug\link.18796-cvtres.write.1.tlog
C:\Users\Beni\source\repos\ShelfDeBest22\ShelfDeBest\Debug\link.19660.read.1.tlog
C:\Users\Beni\source\repos\ShelfDeBest22\ShelfDeBest\Debug\link.19660.write.1.tlog
C:\Users\Beni\source\repos\ShelfDeBest22\ShelfDeBest\Debug\link.19660-cvtres.read.1.tlog
C:\Users\Beni\source\repos\ShelfDeBest22\ShelfDeBest\Debug\link.19660-cvtres.write.1.tlog
C:\Users\Beni\source\repos\ShelfDeBest22\ShelfDeBest\Debug\link.20136.read.1.tlog
C:\Users\Beni\source\repos\ShelfDeBest22\ShelfDeBest\Debug\link.20136.write.1.tlog
C:\Users\Beni\source\repos\ShelfDeBest22\ShelfDeBest\Debug\link.20136-cvtres.read.1.tlog
C:\Users\Beni\source\repos\ShelfDeBest22\ShelfDeBest\Debug\link.20136-cvtres.write.1.tlog
C:\Users\Beni\source\repos\ShelfDeBest22\ShelfDeBest\Debug\link.28896.read.1.tlog
C:\Users\Beni\source\repos\ShelfDeBest22\ShelfDeBest\Debug\link.28896.write.1.tlog
C:\Users\Beni\source\repos\ShelfDeBest22\ShelfDeBest\Debug\link.28896-cvtres.read.1.tlog
C:\Users\Beni\source\repos\ShelfDeBest22\ShelfDeBest\Debug\link.28896-cvtres.write.1.tlog
C:\Users\Beni\source\repos\ShelfDeBest22\ShelfDeBest\Debug\link.4776.read.1.tlog
C:\Users\Beni\source\repos\ShelfDeBest22\ShelfDeBest\Debug\link.4776.write.1.tlog
C:\Users\Beni\source\repos\ShelfDeBest22\ShelfDeBest\Debug\link.4776-cvtres.read.1.tlog
C:\Users\Beni\source\repos\ShelfDeBest22\ShelfDeBest\Debug\link.4776-cvtres.write.1.tlog
C:\Users\Beni\source\repos\ShelfDeBest22\ShelfDeBest\Debug\link.7836.read.1.tlog
C:\Users\Beni\source\repos\ShelfDeBest22\ShelfDeBest\Debug\link.7836.write.1.tlog
C:\Users\Beni\source\repos\ShelfDeBest22\ShelfDeBest\Debug\link.7836-cvtres.read.1.tlog
C:\Users\Beni\source\repos\ShelfDeBest22\ShelfDeBest\Debug\link.7836-cvtres.write.1.tlog
C:\Users\Beni\source\repos\ShelfDeBest22\ShelfDeBest\Debug\link.9752.read.1.tlog
C:\Users\Beni\source\repos\ShelfDeBest22\ShelfDeBest\Debug\link.9752.write.1.tlog
C:\Users\Beni\source\repos\ShelfDeBest22\ShelfDeBest\Debug\link.9752-cvtres.read.1.tlog
C:\Users\Beni\source\repos\ShelfDeBest22\ShelfDeBest\Debug\link.9752-cvtres.write.1.tlog
C:\Users\Beni\source\repos\ShelfDeBest22\ShelfDeBest\Debug\link.command.1.tlog
C:\Users\Beni\source\repos\ShelfDeBest22\ShelfDeBest\Debug\link.read.1.tlog
C:\Users\Beni\source\repos\ShelfDeBest22\ShelfDeBest\Debug\link.write.1.tlog
C:\Users\Beni\source\repos\ShelfDeBest22\ShelfDeBest\Debug\link-cvtres.read.1.tlog
C:\Users\Beni\source\repos\ShelfDeBest22\ShelfDeBest\Debug\link-cvtres.write.1.tlog
C:\Users\Beni\source\repos\ShelfDeBest22\ShelfDeBest\Debug\mt.command.1.tlog
C:\Users\Beni\source\repos\ShelfDeBest22\ShelfDeBest\Debug\mt.read.1.tlog
C:\Users\Beni\source\repos\ShelfDeBest22\ShelfDeBest\Debug\mt.write.1.tlog
C:\Users\Beni\source\repos\ShelfDeBest22\ShelfDeBest\Debug\rc.command.1.tlog
C:\Users\Beni\source\repos\ShelfDeBest22\ShelfDeBest\Debug\rc.read.1.tlog
C:\Users\Beni\source\repos\ShelfDeBest22\ShelfDeBest\Debug\rc.write.1.tlog
C:\USERS\BENI\SOURCE\REPOS\SHELFDEBEST22\SHELFDEBEST\DEBUG\SHELF.OBJ
C:\Users\Beni\source\repos\ShelfDeBest22\ShelfDeBest\Debug\ShelfDeBest.exe.embed.manifest
C:\USERS\BENI\SOURCE\REPOS\SHELFDEBEST22\SHELFDEBEST\DEBUG\SHELFDEBEST.EXE.EMBED.MANIFEST.RES
C:\USERS\BENI\SOURCE\REPOS\SHELFDEBEST22\SHELFDEBEST\DEBUG\SHELFDEBEST.EXE.INTERMEDIATE.MANIFEST
C:\USERS\BENI\SOURCE\REPOS\SHELFDEBEST22\SHELFDEBEST\DEBUG\SHELFDEBEST.OBJ
C:\USERS\BENI\SOURCE\REPOS\SHELFDEBEST22\SHELFDEBEST\DEBUG\SHELFDEBEST.PCH
C:\USERS\BENI\SOURCE\REPOS\SHELFDEBEST22\SHELFDEBEST\DEBUG\SHELFDEBEST.RES
C:\Users\Beni\source\repos\ShelfDeBest22\ShelfDeBest\Debug\ShelfDeBest.vcxprojResolveAssemblyReference.cache
C:\Users\Beni\source\repos\ShelfDeBest22\ShelfDeBest\Debug\ShelfDeBest.write.1.tlog
C:\Users\Beni\source\repos\ShelfDeBest22\ShelfDeBest\Debug\ShelfDeBest_manifest.rc
C:\USERS\BENI\SOURCE\REPOS\SHELFDEBEST22\SHELFDEBEST\DEBUG\SHELFDEBESTDLG.OBJ
C:\USERS\BENI\SOURCE\REPOS\SHELFDEBEST22\SHELFDEBEST\DEBUG\STDAFX.OBJ
C:\Users\Beni\source\repos\ShelfDeBest22\ShelfDeBest\Debug\vc100.idb
C:\USERS\BENI\SOURCE\REPOS\SHELFDEBEST22\SHELFDEBEST\DEBUG\VC100.PDB
