Build started 20-Jan-18 01:19:43.
     1>Project "C:\Users\Beni\source\repos\ShelfDeBest14.1.22.09\ShelfDeBest22\ShelfDeBest\ShelfDeBest.vcxproj" on node 2 (build target(s)).
     1>InitializeBuildStatus:
         Creating "Debug\ShelfDeBest.unsuccessfulbuild" because "AlwaysCreate" was specified.
       ClCompile:
         All outputs are up-to-date.
         All outputs are up-to-date.
       ResourceCompile:
         All outputs are up-to-date.
       ManifestResourceCompile:
         All outputs are up-to-date.
       Link:
         All outputs are up-to-date.
       Manifest:
         C:\Program Files (x86)\Microsoft SDKs\Windows\v7.0A\bin\mt.exe /nologo /verbose /out:"Debug\ShelfDeBest.exe.embed.manifest" /manifest Debug\ShelfDeBest.exe.intermediate.manifest "C:\Program Files (x86)\Microsoft Visual Studio 10.0\VC\Include\Manifest\dpiaware.manifest"
         All outputs are up-to-date.
       FinalizeBuildStatus:
         Deleting file "Debug\ShelfDeBest.unsuccessfulbuild".
         Touching "Debug\ShelfDeBest.lastbuildstate".
     1>Done Building Project "C:\Users\Beni\source\repos\ShelfDeBest14.1.22.09\ShelfDeBest22\ShelfDeBest\ShelfDeBest.vcxproj" (build target(s)).

Build succeeded.

Time Elapsed 00:00:00.79
